INFO - Creating initial population
INFO - Mem free: 186.5 MB
INFO - Prototype program set
INFO - Mem free after creating population: 223.0 MB
INFO - Your configuration does not contain unused commands, this is good
INFO - Creating initial population
INFO - Mem free: 186.0 MB
INFO - Prototype program set
INFO - Mem free after creating population: 223.0 MB
INFO - Your configuration does not contain unused commands, this is good
INFO - Creating initial population
INFO - Mem free: 185.5 MB
INFO - Prototype program set
INFO - Mem free after creating population: 223.0 MB
INFO - Your configuration does not contain unused commands, this is good
INFO - Creating initial population
INFO - Mem free: 187.5 MB
INFO - Prototype program set
INFO - Mem free after creating population: 223.0 MB
INFO - Your configuration does not contain unused commands, this is good
INFO - Creating initial population
INFO - Mem free: 186.5 MB
INFO - Prototype program set
INFO - Mem free after creating population: 223.0 MB
INFO - Your configuration does not contain unused commands, this is good
INFO - Creating initial population
INFO - Mem free: 174.5 MB
INFO - Prototype program set
INFO - Mem free after creating population: 226.5 MB
INFO - Your configuration does not contain unused commands, this is good
INFO - Creating initial population
INFO - Mem free: 173.5 MB
INFO - Prototype program set
INFO - Mem free after creating population: 226.5 MB
INFO - Your configuration does not contain unused commands, this is good
INFO - Creating initial population
INFO - Mem free: 173.5 MB
INFO - Prototype program set
INFO - Mem free after creating population: 226.5 MB
INFO - Your configuration does not contain unused commands, this is good
INFO - Creating initial population
INFO - Mem free: 174.5 MB
INFO - Prototype program set
INFO - Mem free after creating population: 226.0 MB
INFO - Your configuration does not contain unused commands, this is good
INFO - Creating initial population
INFO - Mem free: 173.0 MB
INFO - Prototype program set
INFO - Mem free after creating population: 226.0 MB
INFO - Your configuration does not contain unused commands, this is good
INFO - #########################
INFO - unscaled fitness: 0.91395238250494:0.09749999642372131:12;0.91395238250494:0.09749999642372131:12;0.91395238250494:0.09749999642372131:12;0.9045406153798103:0.042500000447034836:0;0.91395238250494:0.09749999642372131:12;0.9045406153798103:0.042500000447034836:0;0.9024817889928818:0.054375000298023224:0;0.9045406153798103:0.042500000447034836:0;0.897638658285141:0.17249999940395355:0;0.8051372563838959:0.3725000023841858:2;0.8939915990829468:0.19750000536441803:2;0.9045406153798103:0.11687500029802322:2;0.8051372563838959:0.3725000023841858:2;0.900717089176178:0.18000000715255737:2;0.8245406097173691:0.17937499284744263:2;0.8930896392464638:0.17749999463558197:21;0.8245406097173691:0.17937499284744263:2;0.7145882344245911:0.10000000149011612:2;0.8800308054685593:0.28187501430511475:2;0.8758039271831513:0.13375000655651093:0;0.897638658285141:0.17937499284744263:2;0.9045406153798103:0.042500000447034836:0;0.8964817917346954:0.18187500536441803:2;0.894767509996891:0.19437499344348907:2;0.9045406153798103:0.042500000447034836:0;0.8214509731531143:0.3581250011920929:12;0.9045406153798103:0.042500000447034836:0;0.9045406153798103:0.11687500029802322:2;0.805196071267128:0.3700000047683716:2;0.8875392174720764:0.234375:7;0.897638658285141:0.17937499284744263:2;0.91395238250494:0.09749999642372131:12;0.9045406153798103:0.042500000447034836:0;0.8051372563838959:0.3725000023841858:2;0.897638658285141:0.17937499284744263:2;0.9045406153798103:0.042500000447034836:0;0.897638658285141:0.17937499284744263:2;0.7628921514749527:0.2750000059604645:2;0.8245406097173691:0.17937499284744263:2;0.761549020409584:0.109375:2;0.91395238250494:0.09749999642372131:12;0.8800308054685593:0.28187501430511475:2;0.805196071267128:0.3700000047683716:2;0.744588235616684:0.17812499403953552:2;0.8051372563838959:0.3725000023841858:2;0.7936862802505493:0.23499999940395355:45;0.8800308054685593:0.28187501430511475:2;0.753843138217926:0.18000000715255737:2;0.805196071267128:0.3700000047683716:2;0.7900392210483551:0.3162499964237213:12;0.8800308054685593:0.28187501430511475:2;0.8225994354486466:0.07374999672174454:0;0.805196071267128:0.3700000047683716:2;0.7009019649028778:0.18062500655651093:2;0.91395238250494:0.09749999642372131:12;0.897638658285141:0.17937499284744263:2;0.9045406153798103:0.11687500029802322:2;0.8800308054685593:0.28187501430511475:2;0.9045406153798103:0.042500000447034836:0;0.9045406153798103:0.042500000447034836:0;0.9045406153798103:0.042500000447034836:0;0.9045406153798103:0.042500000447034836:0;0.8800308054685593:0.28187501430511475:2;0.9099495804309845:0.0768750011920929:12;0.91395238250494:0.09749999642372131:12;0.8268543428182602:0.17937499284744263:2;0.8245406097173691:0.17937499284744263:2;0.9045406153798103:0.11687500029802322:2;0.8800308054685593:0.28187501430511475:2;0.9045406153798103:0.11687500029802322:2;0.9045406153798103:0.11687500029802322:2;0.7443921661376953:0.12812499701976776:2;0.91395238250494:0.09749999642372131:12;0.805196071267128:0.3700000047683716:2;0.91395238250494:0.09749999642372131:12;0.897638658285141:0.17937499284744263:2;0.8245406097173691:0.17937499284744263:2;0.9045406153798103:0.11687500029802322:2;0.897638658285141:0.17937499284744263:2;0.897638658285141:0.17937499284744263:2;0.8713725453615189:0.1393750011920929:2;0.91395238250494:0.09749999642372131:12;0.8051372563838959:0.3725000023841858:2;0.91395238250494:0.09749999642372131:12;0.897638658285141:0.17937499284744263:2;0.897638658285141:0.17937499284744263:2;0.9045406153798103:0.11687500029802322:2;0.8245406097173691:0.17937499284744263:2;0.8245406097173691:0.17937499284744263:2;0.8051372563838959:0.3725000023841858:2;0.805196071267128:0.3700000047683716:2;0.7806862688064575:0.23999999463558197:0;0.8245406097173691:0.17937499284744263:2;0.7859159654378891:0.20499999821186066:1;0.805196071267128:0.3700000047683716:2;0.8051372563838959:0.3725000023841858:2;0.805196071267128:0.3700000047683716:2;0.8800308054685593:0.28187501430511475:2;0.805196071267128:0.3700000047683716:2;0.8245406097173691:0.17937499284744263:2;
INFO - Best solution fitness: 0.91
INFO - Best solution: right
INFO - Generation: 0
INFO - Time: Tue Feb 28 18:05:42 GMT 2017
INFO - Depth of chrom: 0
INFO - Creating initial population
INFO - Mem free: 173.0 MB
INFO - Prototype program set
INFO - Mem free after creating population: 225.5 MB
INFO - Your configuration does not contain unused commands, this is good
INFO - Creating initial population
INFO - Mem free: 167.0 MB
INFO - Prototype program set
INFO - Mem free after creating population: 221.5 MB
INFO - Your configuration does not contain unused commands, this is good
INFO - Creating initial population
INFO - Mem free: 176.5 MB
INFO - Prototype program set
INFO - Mem free after creating population: 225.5 MB
INFO - Your configuration does not contain unused commands, this is good
INFO - Creating initial population
INFO - Mem free: 176.5 MB
INFO - Prototype program set
INFO - Mem free after creating population: 225.0 MB
INFO - Your configuration does not contain unused commands, this is good
INFO - Creating initial population
INFO - Mem free: 169.5 MB
INFO - Prototype program set
INFO - Mem free after creating population: 223.0 MB
INFO - Your configuration does not contain unused commands, this is good
INFO - #########################
INFO - unscaled fitness: 0.8051372563838959:0.3725000023841858:2;0.8528543359041214:0.2068749964237213:2;0.8245406097173691:0.17937499284744263:2;0.8051372563838959:0.3725000023841858:2;0.9045406153798103:0.042500000447034836:0;0.8800308054685593:0.28187501430511475:2;0.8245406097173691:0.17937499284744263:2;0.8051372563838959:0.3725000023841858:2;0.805196071267128:0.27812498807907104:0;0.897638658285141:0.17937499284744263:2;0.91395238250494:0.09749999642372131:12;0.8197254931926727:0.24250000715255737:2;0.9045406153798103:0.11687500029802322:2;0.8051372563838959:0.3725000023841858:2;0.8245406097173691:0.17937499284744263:2;0.8800308054685593:0.18000000715255737:0;0.8800308054685593:0.28187501430511475:2;0.7819607800245285:0.30375000834465027:2;0.897638658285141:0.17937499284744263:2;0.7231568491458893:0.11874999850988388:2;0.8800308054685593:0.28187501430511475:2;0.7890980339050293:0.19625000655651093:1;0.8051372563838959:0.3725000023841858:2;0.7982941216230393:0.2306250035762787:2;0.9082464969158173:0.10499999672174454:2;0.8051372563838959:0.3725000023841858:2;0.9045406153798103:0.11687500029802322:2;0.7806862688064575:0.30375000834465027:2;0.9045406153798103:0.042500000447034836:0;0.7251960730552673:0.17249999940395355:0;0.8000308072566986:0.16875000298023224:2;0.8800308054685593:0.28187501430511475:2;0.8800308054685593:0.28187501430511475:2;0.6981960928440094:0.07874999940395355:0;0.897638658285141:0.17937499284744263:2;0.7100392079353333:0.09125000238418579:2;0.9197563028335571:0.09749999642372131:12;0.7930196022987366:0.21687500178813934:2;0.8051372563838959:0.3725000023841858:2;0.727941164970398:0.12250000238418579:2;0.91395238250494:0.09749999642372131:12;0.8800308054685593:0.28187501430511475:2;0.8051372563838959:0.3725000023841858:2;0.805196071267128:0.3700000047683716:2;0.805196071267128:0.3700000047683716:2;0.9045406153798103:0.042500000447034836:0;0.9045406153798103:0.042500000447034836:0;0.8059719896316528:0.16500000655651093:2;0.897638658285141:0.17937499284744263:2;0.7916078364849091:0.21875:2;0.9045406153798103:0.042500000447034836:0;0.805196071267128:0.3700000047683716:2;0.8051372563838959:0.3725000023841858:2;0.8245406097173691:0.17937499284744263:2;0.805196071267128:0.3700000047683716:2;0.7768627500534058:0.2706249952316284:2;0.9124061635136604:0.18312500417232513:2;0.751274505853653:0.15812499821186066:2;0.8051372563838959:0.3725000023841858:2;0.8836078441143036:0.12812499701976776:12;0.9045406153798103:0.042500000447034836:0;0.7318235433101654:0.1993750035762787:12;0.805196071267128:0.3700000047683716:2;0.8836778646707535:0.26374998688697815:2;0.897638658285141:0.17937499284744263:2;0.8051372563838959:0.3725000023841858:2;0.897638658285141:0.17937499284744263:2;0.91395238250494:0.09749999642372131:12;0.7006274557113648:0.17874999344348907:2;0.8245406097173691:0.17937499284744263:2;0.91395238250494:0.09749999642372131:12;0.9045406153798103:0.042500000447034836:0;0.8800308054685593:0.28187501430511475:2;0.8800308054685593:0.28187501430511475:2;0.8800308054685593:0.28187501430511475:2;0.805196071267128:0.3700000047683716:2;0.8800308054685593:0.28187501430511475:2;0.805196071267128:0.3700000047683716:2;0.9045406153798103:0.042500000447034836:0;0.8051372563838959:0.3725000023841858:2;0.9045406153798103:0.042500000447034836:0;0.9045406153798103:0.042500000447034836:0;0.8800308054685593:0.28187501430511475:2;0.8051372563838959:0.3725000023841858:2;0.8051372563838959:0.3725000023841858:2;0.8051372563838959:0.3725000023841858:2;0.8245406097173691:0.17937499284744263:2;0.8245406097173691:0.17937499284744263:2;0.9045406153798103:0.11687500029802322:2;0.9045406153798103:0.042500000447034836:0;0.91395238250494:0.09749999642372131:12;0.8245406097173691:0.17937499284744263:2;0.897638658285141:0.17937499284744263:2;0.8245406097173691:0.17937499284744263:2;0.9045406153798103:0.11687500029802322:2;0.897638658285141:0.17937499284744263:2;0.8800308054685593:0.28187501430511475:2;0.9045406153798103:0.11687500029802322:2;0.897638658285141:0.17937499284744263:2;0.9045406153798103:0.042500000447034836:0;
INFO - Best solution fitness: 0.91
INFO - Best solution: if((isCoinAt 3 3)) then ((sub[down --> right])) else((if((isMushroomAt 3 3)) then (wait) else(right)))
INFO - Generation: 0
INFO - Time: Thu Mar 02 11:42:46 GMT 2017
INFO - Depth of chrom: 3
